{"type": "ERROR", "repo_url": "https://github.com/DD2480-2025-Group10/assignment-2-CI.git", "refspec": "refs/heads/assesment", "commit_SHA": "cd84d5b5d40d157b56ab871472ee4719bbcd9a36", "date_time": 1770903188289, "status": "failure", "gradle_output": "\n---Git Clone---\nCloning into '/afs/kth.se/home/e/r/eriso/assignment-2-2/temp_builds/cd84d5b5d40d157b56ab871472ee4719bbcd9a36/repo'...\n\n\n---Git Checkout Branch---\nBranch 'assesment' set up to track remote branch 'assesment' from 'origin'.\nSwitched to a new branch 'assesment'\n\n\n---Git Checkout Commit---\nNote: switching to 'cd84d5b5d40d157b56ab871472ee4719bbcd9a36'.\n\nYou are in 'detached HEAD' state. You can look around, make experimental\nchanges and commit them, and you can discard any commits you make in this\nstate without impacting any branches by switching back to a branch.\n\nIf you want to create a new branch to retain commits you create, you may\ndo so (now or later) by using -c with the switch command. Example:\n\n  git switch -c <new-branch-name>\n\nOr undo this operation with:\n\n  git switch -\n\nTurn off this advice by setting config variable advice.detachedHead to false\n\nHEAD is now at cd84d5b test p+\n\n\n---Create venv---\n\n\n---Upgrade pip---\nRequirement already satisfied: pip in ./venv/lib/python3.13/site-packages (25.3)\nCollecting pip\n  Downloading pip-26.0.1-py3-none-any.whl.metadata (4.7 kB)\nDownloading pip-26.0.1-py3-none-any.whl (1.8 MB)\n   \u2501\u2501\u2501\u2501\u2501\u2501\u2501\u2501\u2501\u2501\u2501\u2501\u2501\u2501\u2501\u2501\u2501\u2501\u2501\u2501\u2501\u2501\u2501\u2501\u2501\u2501\u2501\u2501\u2501\u2501\u2501\u2501\u2501\u2501\u2501\u2501\u2501\u2501\u2501\u2501 1.8/1.8 MB 29.9 MB/s  0:00:00\nInstalling collected packages: pip\n  Attempting uninstall: pip\n    Found existing installation: pip 25.3\n    Uninstalling pip-25.3:\n      Successfully uninstalled pip-25.3\nSuccessfully installed pip-26.0.1\n\n\n---Install requirements---\nObtaining file:///afs/kth.se/home/e/r/eriso/assignment-2-2/temp_builds/cd84d5b5d40d157b56ab871472ee4719bbcd9a36/repo\n  Installing build dependencies: started\n  Installing build dependencies: finished with status 'done'\n  Checking if build backend supports build_editable: started\n  Checking if build backend supports build_editable: finished with status 'done'\n  Getting requirements to build editable: started\n  Getting requirements to build editable: finished with status 'done'\n  Preparing editable metadata (pyproject.toml): started\n  Preparing editable metadata (pyproject.toml): finished with status 'done'\nCollecting flask==3.0.0 (from CI-Server==0.1.0)\n  Downloading flask-3.0.0-py3-none-any.whl.metadata (3.6 kB)\nCollecting requests==2.31.0 (from CI-Server==0.1.0)\n  Downloading requests-2.31.0-py3-none-any.whl.metadata (4.6 kB)\nCollecting pyjwt>=2.9.0 (from CI-Server==0.1.0)\n  Using cached pyjwt-2.11.0-py3-none-any.whl.metadata (4.0 kB)\nCollecting cryptography>=46.0.0 (from CI-Server==0.1.0)\n  Using cached cryptography-46.0.5-cp311-abi3-manylinux_2_28_x86_64.whl.metadata (5.7 kB)\nCollecting python-dotenv>=1.0.0 (from CI-Server==0.1.0)\n  Using cached python_dotenv-1.2.1-py3-none-any.whl.metadata (25 kB)\nCollecting pydantic>=2.0.0 (from CI-Server==0.1.0)\n  Downloading pydantic-2.12.5-py3-none-any.whl.metadata (90 kB)\nCollecting pytest>=7.0.0 (from CI-Server==0.1.0)\n  Downloading pytest-9.0.2-py3-none-any.whl.metadata (7.6 kB)\nCollecting pytest-cov>=7.0.0 (from CI-Server==0.1.0)\n  Downloading pytest_cov-7.0.0-py3-none-any.whl.metadata (31 kB)\nCollecting ruff>=0.1.0 (from CI-Server==0.1.0)\n  Downloading ruff-0.15.0-py3-none-manylinux_2_17_x86_64.manylinux2014_x86_64.whl.metadata (26 kB)\nCollecting mypy>=1.19.1 (from CI-Server==0.1.0)\n  Downloading mypy-1.19.1-cp313-cp313-manylinux2014_x86_64.manylinux_2_17_x86_64.manylinux_2_28_x86_64.whl.metadata (2.2 kB)\nCollecting types-requests>=2.32.0 (from CI-Server==0.1.0)\n  Downloading types_requests-2.32.4.20260107-py3-none-any.whl.metadata (2.0 kB)\nCollecting urllib3>=2 (from CI-Server==0.1.0)\n  Using cached urllib3-2.6.3-py3-none-any.whl.metadata (6.9 kB)\nCollecting pdoc>=14.0.0 (from CI-Server==0.1.0)\n  Downloading pdoc-16.0.0-py3-none-any.whl.metadata (8.6 kB)\nCollecting Werkzeug>=3.0.0 (from flask==3.0.0->CI-Server==0.1.0)\n  Using cached werkzeug-3.1.5-py3-none-any.whl.metadata (4.0 kB)\nCollecting Jinja2>=3.1.2 (from flask==3.0.0->CI-Server==0.1.0)\n  Using cached jinja2-3.1.6-py3-none-any.whl.metadata (2.9 kB)\nCollecting itsdangerous>=2.1.2 (from flask==3.0.0->CI-Server==0.1.0)\n  Using cached itsdangerous-2.2.0-py3-none-any.whl.metadata (1.9 kB)\nCollecting click>=8.1.3 (from flask==3.0.0->CI-Server==0.1.0)\n  Using cached click-8.3.1-py3-none-any.whl.metadata (2.6 kB)\nCollecting blinker>=1.6.2 (from flask==3.0.0->CI-Server==0.1.0)\n  Using cached blinker-1.9.0-py3-none-any.whl.metadata (1.6 kB)\nCollecting charset-normalizer<4,>=2 (from requests==2.31.0->CI-Server==0.1.0)\n  Using cached charset_normalizer-3.4.4-cp313-cp313-manylinux2014_x86_64.manylinux_2_17_x86_64.manylinux_2_28_x86_64.whl.metadata (37 kB)\nCollecting idna<4,>=2.5 (from requests==2.31.0->CI-Server==0.1.0)\n  Using cached idna-3.11-py3-none-any.whl.metadata (8.4 kB)\nCollecting certifi>=2017.4.17 (from requests==2.31.0->CI-Server==0.1.0)\n  Using cached certifi-2026.1.4-py3-none-any.whl.metadata (2.5 kB)\nCollecting cffi>=2.0.0 (from cryptography>=46.0.0->CI-Server==0.1.0)\n  Using cached cffi-2.0.0-cp313-cp313-manylinux2014_x86_64.manylinux_2_17_x86_64.whl.metadata (2.6 kB)\nCollecting pycparser (from cffi>=2.0.0->cryptography>=46.0.0->CI-Server==0.1.0)\n  Using cached pycparser-3.0-py3-none-any.whl.metadata (8.2 kB)\nCollecting MarkupSafe>=2.0 (from Jinja2>=3.1.2->flask==3.0.0->CI-Server==0.1.0)\n  Using cached markupsafe-3.0.3-cp313-cp313-manylinux2014_x86_64.manylinux_2_17_x86_64.manylinux_2_28_x86_64.whl.metadata (2.7 kB)\nCollecting typing_extensions>=4.6.0 (from mypy>=1.19.1->CI-Server==0.1.0)\n  Downloading typing_extensions-4.15.0-py3-none-any.whl.metadata (3.3 kB)\nCollecting mypy_extensions>=1.0.0 (from mypy>=1.19.1->CI-Server==0.1.0)\n  Downloading mypy_extensions-1.1.0-py3-none-any.whl.metadata (1.1 kB)\nCollecting pathspec>=0.9.0 (from mypy>=1.19.1->CI-Server==0.1.0)\n  Downloading pathspec-1.0.4-py3-none-any.whl.metadata (13 kB)\nCollecting librt>=0.6.2 (from mypy>=1.19.1->CI-Server==0.1.0)\n  Downloading librt-0.7.8-cp313-cp313-manylinux2014_x86_64.manylinux_2_17_x86_64.manylinux_2_28_x86_64.whl.metadata (1.3 kB)\nCollecting pygments>=2.12.0 (from pdoc>=14.0.0->CI-Server==0.1.0)\n  Downloading pygments-2.19.2-py3-none-any.whl.metadata (2.5 kB)\nCollecting markdown2>=2.5.4 (from pdoc>=14.0.0->CI-Server==0.1.0)\n  Downloading markdown2-2.5.4-py3-none-any.whl.metadata (2.1 kB)\nCollecting annotated-types>=0.6.0 (from pydantic>=2.0.0->CI-Server==0.1.0)\n  Downloading annotated_types-0.7.0-py3-none-any.whl.metadata (15 kB)\nCollecting pydantic-core==2.41.5 (from pydantic>=2.0.0->CI-Server==0.1.0)\n  Downloading pydantic_core-2.41.5-cp313-cp313-manylinux_2_17_x86_64.manylinux2014_x86_64.whl.metadata (7.3 kB)\nCollecting typing-inspection>=0.4.2 (from pydantic>=2.0.0->CI-Server==0.1.0)\n  Downloading typing_inspection-0.4.2-py3-none-any.whl.metadata (2.6 kB)\nCollecting iniconfig>=1.0.1 (from pytest>=7.0.0->CI-Server==0.1.0)\n  Downloading iniconfig-2.3.0-py3-none-any.whl.metadata (2.5 kB)\nCollecting packaging>=22 (from pytest>=7.0.0->CI-Server==0.1.0)\n  Downloading packaging-26.0-py3-none-any.whl.metadata (3.3 kB)\nCollecting pluggy<2,>=1.5 (from pytest>=7.0.0->CI-Server==0.1.0)\n  Downloading pluggy-1.6.0-py3-none-any.whl.metadata (4.8 kB)\nCollecting coverage>=7.10.6 (from coverage[toml]>=7.10.6->pytest-cov>=7.0.0->CI-Server==0.1.0)\n  Downloading coverage-7.13.4-cp313-cp313-manylinux1_x86_64.manylinux_2_28_x86_64.manylinux_2_5_x86_64.whl.metadata (8.5 kB)\nDownloading flask-3.0.0-py3-none-any.whl (99 kB)\nDownloading requests-2.31.0-py3-none-any.whl (62 kB)\nUsing cached charset_normalizer-3.4.4-cp313-cp313-manylinux2014_x86_64.manylinux_2_17_x86_64.manylinux_2_28_x86_64.whl (153 kB)\nUsing cached idna-3.11-py3-none-any.whl (71 kB)\nUsing cached urllib3-2.6.3-py3-none-any.whl (131 kB)\nUsing cached blinker-1.9.0-py3-none-any.whl (8.5 kB)\nUsing cached certifi-2026.1.4-py3-none-any.whl (152 kB)\nUsing cached click-8.3.1-py3-none-any.whl (108 kB)\nUsing cached cryptography-46.0.5-cp311-abi3-manylinux_2_28_x86_64.whl (4.5 MB)\nUsing cached cffi-2.0.0-cp313-cp313-manylinux2014_x86_64.manylinux_2_17_x86_64.whl (219 kB)\nUsing cached itsdangerous-2.2.0-py3-none-any.whl (16 kB)\nUsing cached jinja2-3.1.6-py3-none-any.whl (134 kB)\nUsing cached markupsafe-3.0.3-cp313-cp313-manylinux2014_x86_64.manylinux_2_17_x86_64.manylinux_2_28_x86_64.whl (22 kB)\nDownloading mypy-1.19.1-cp313-cp313-manylinux2014_x86_64.manylinux_2_17_x86_64.manylinux_2_28_x86_64.whl (13.6 MB)\n   \u2501\u2501\u2501\u2501\u2501\u2501\u2501\u2501\u2501\u2501\u2501\u2501\u2501\u2501\u2501\u2501\u2501\u2501\u2501\u2501\u2501\u2501\u2501\u2501\u2501\u2501\u2501\u2501\u2501\u2501\u2501\u2501\u2501\u2501\u2501\u2501\u2501\u2501\u2501\u2501 13.6/13.6 MB 68.8 MB/s  0:00:00\nDownloading librt-0.7.8-cp313-cp313-manylinux2014_x86_64.manylinux_2_17_x86_64.manylinux_2_28_x86_64.whl (193 kB)\nDownloading mypy_extensions-1.1.0-py3-none-any.whl (5.0 kB)\nDownloading pathspec-1.0.4-py3-none-any.whl (55 kB)\nDownloading pdoc-16.0.0-py3-none-any.whl (100 kB)\nDownloading markdown2-2.5.4-py3-none-any.whl (49 kB)\nDownloading pydantic-2.12.5-py3-none-any.whl (463 kB)\nDownloading pydantic_core-2.41.5-cp313-cp313-manylinux_2_17_x86_64.manylinux2014_x86_64.whl (2.1 MB)\n   \u2501\u2501\u2501\u2501\u2501\u2501\u2501\u2501\u2501\u2501\u2501\u2501\u2501\u2501\u2501\u2501\u2501\u2501\u2501\u2501\u2501\u2501\u2501\u2501\u2501\u2501\u2501\u2501\u2501\u2501\u2501\u2501\u2501\u2501\u2501\u2501\u2501\u2501\u2501\u2501 2.1/2.1 MB 53.0 MB/s  0:00:00\nDownloading annotated_types-0.7.0-py3-none-any.whl (13 kB)\nDownloading pygments-2.19.2-py3-none-any.whl (1.2 MB)\n   \u2501\u2501\u2501\u2501\u2501\u2501\u2501\u2501\u2501\u2501\u2501\u2501\u2501\u2501\u2501\u2501\u2501\u2501\u2501\u2501\u2501\u2501\u2501\u2501\u2501\u2501\u2501\u2501\u2501\u2501\u2501\u2501\u2501\u2501\u2501\u2501\u2501\u2501\u2501\u2501 1.2/1.2 MB 40.1 MB/s  0:00:00\nUsing cached pyjwt-2.11.0-py3-none-any.whl (28 kB)\nDownloading pytest-9.0.2-py3-none-any.whl (374 kB)\nDownloading pluggy-1.6.0-py3-none-any.whl (20 kB)\nDownloading iniconfig-2.3.0-py3-none-any.whl (7.5 kB)\nDownloading packaging-26.0-py3-none-any.whl (74 kB)\nDownloading pytest_cov-7.0.0-py3-none-any.whl (22 kB)\nDownloading coverage-7.13.4-cp313-cp313-manylinux1_x86_64.manylinux_2_28_x86_64.manylinux_2_5_x86_64.whl (253 kB)\nUsing cached python_dotenv-1.2.1-py3-none-any.whl (21 kB)\nDownloading ruff-0.15.0-py3-none-manylinux_2_17_x86_64.manylinux2014_x86_64.whl (11.1 MB)\n   \u2501\u2501\u2501\u2501\u2501\u2501\u2501\u2501\u2501\u2501\u2501\u2501\u2501\u2501\u2501\u2501\u2501\u2501\u2501\u2501\u2501\u2501\u2501\u2501\u2501\u2501\u2501\u2501\u2501\u2501\u2501\u2501\u2501\u2501\u2501\u2501\u2501\u2501\u2501\u2501 11.1/11.1 MB 68.1 MB/s  0:00:00\nDownloading types_requests-2.32.4.20260107-py3-none-any.whl (20 kB)\nDownloading typing_extensions-4.15.0-py3-none-any.whl (44 kB)\nDownloading typing_inspection-0.4.2-py3-none-any.whl (14 kB)\nUsing cached werkzeug-3.1.5-py3-none-any.whl (225 kB)\nUsing cached pycparser-3.0-py3-none-any.whl (48 kB)\nBuilding wheels for collected packages: CI-Server\n  Building editable for CI-Server (pyproject.toml): started\n  Building editable for CI-Server (pyproject.toml): finished with status 'done'\n  Created wheel for CI-Server: filename=ci_server-0.1.0-0.editable-py3-none-any.whl size=15317 sha256=10aee08ed7c61aa4ea41f3a42d0ce7be02169db42c1e79886e173bbd4233d075\n  Stored in directory: /tmp/pip-ephem-wheel-cache-ujvyvm2n/wheels/47/cc/09/0775d972b927ac4b320284c0cd7dd43523df92bc2102ddf820\nSuccessfully built CI-Server\nInstalling collected packages: urllib3, typing_extensions, ruff, python-dotenv, pyjwt, pygments, pycparser, pluggy, pathspec, packaging, mypy_extensions, MarkupSafe, markdown2, librt, itsdangerous, iniconfig, idna, coverage, click, charset-normalizer, certifi, blinker, annotated-types, Werkzeug, typing-inspection, types-requests, requests, pytest, pydantic-core, mypy, Jinja2, cffi, pytest-cov, pydantic, pdoc, flask, cryptography, CI-Server\n\nSuccessfully installed CI-Server-0.1.0 Jinja2-3.1.6 MarkupSafe-3.0.3 Werkzeug-3.1.5 annotated-types-0.7.0 blinker-1.9.0 certifi-2026.1.4 cffi-2.0.0 charset-normalizer-3.4.4 click-8.3.1 coverage-7.13.4 cryptography-46.0.5 flask-3.0.0 idna-3.11 iniconfig-2.3.0 itsdangerous-2.2.0 librt-0.7.8 markdown2-2.5.4 mypy-1.19.1 mypy_extensions-1.1.0 packaging-26.0 pathspec-1.0.4 pdoc-16.0.0 pluggy-1.6.0 pycparser-3.0 pydantic-2.12.5 pydantic-core-2.41.5 pygments-2.19.2 pyjwt-2.11.0 pytest-9.0.2 pytest-cov-7.0.0 python-dotenv-1.2.1 requests-2.31.0 ruff-0.15.0 types-requests-2.32.4.20260107 typing-inspection-0.4.2 typing_extensions-4.15.0 urllib3-2.6.3\n\n\n---Syntax Checking---\n\n\n---Unit Tests---\n============================= test session starts ==============================\nplatform linux -- Python 3.13.12, pytest-9.0.2, pluggy-1.6.0\nrootdir: /afs/kth.se/home/e/r/eriso/assignment-2-2/temp_builds/cd84d5b5d40d157b56ab871472ee4719bbcd9a36/repo\nconfigfile: pyproject.toml\nplugins: cov-7.0.0\ncollected 18 items\n\ntests/adapters/githubNotifier_test.py ..                                 [ 11%]\ntests/always_true_test.py F                                              [ 16%]\ntests/builder_test.py ....                                               [ 38%]\ntests/infra/appAuth_test.py .......                                      [ 77%]\ntests/infra/patAuth_test.py .                                            [ 83%]\ntests/infra/requestsTransport_test.py ...                                [100%]\n\n=================================== FAILURES ===================================\n_______________________________ test_always_true _______________________________\n\n    def test_always_true():\n>       assert False\nE       assert False\n\ntests/always_true_test.py:2: AssertionError\n=========================== short test summary info ============================\nFAILED tests/always_true_test.py::test_always_true - assert False\n========================= 1 failed, 17 passed in 0.19s =========================\n"}